<?xml version="1.0" encoding="UTF-8"?>
<!-- Generated by org.testng.reporters.JUnitReportReporter -->
<testsuite skipped="0" hostname="DERIW42SLPC1327" name="com.tricentis.automation.scripts.fieldVerification.HomePageTests" tests="4" failures="0" timestamp="06 Mar 2020 10:48:29 GMT" time="3.713" errors="0">
  <testcase name="verifyCamperlink" time="0.004" classname="com.tricentis.automation.scripts.fieldVerification.HomePageTests"/>
  <testcase name="verifyAutomationlink" time="3.702" classname="com.tricentis.automation.scripts.fieldVerification.HomePageTests"/>
  <testcase name="verifyMotorCyclelink" time="0.004" classname="com.tricentis.automation.scripts.fieldVerification.HomePageTests"/>
  <testcase name="verifyTrucklink" time="0.003" classname="com.tricentis.automation.scripts.fieldVerification.HomePageTests"/>
</testsuite> <!-- com.tricentis.automation.scripts.fieldVerification.HomePageTests -->
