<?xml version="1.0" encoding="UTF-8"?>
<!-- Generated by org.testng.reporters.JUnitReportReporter -->
<testsuite skipped="0" hostname="DESKTOP-U66F4O7" name="com.tricentis.automation.scripts.fieldVerification.HomePageTests" tests="4" failures="0" timestamp="09 Mar 2020 03:56:19 GMT" time="1.857" errors="0">
  <testcase name="verifyCamperlink" time="0.000" classname="com.tricentis.automation.scripts.fieldVerification.HomePageTests"/>
  <testcase name="verifyTrucklink" time="0.592" classname="com.tricentis.automation.scripts.fieldVerification.HomePageTests"/>
  <testcase name="verifyAutomationlink" time="1.265" classname="com.tricentis.automation.scripts.fieldVerification.HomePageTests"/>
  <testcase name="verifyMotorCyclelink" time="0.000" classname="com.tricentis.automation.scripts.fieldVerification.HomePageTests"/>
</testsuite> <!-- com.tricentis.automation.scripts.fieldVerification.HomePageTests -->
